Determining if the pthread_create exist failed with the following output:
Change Dir: /mnt/d/Projects/PEA2/cmake/CMakeFiles/CMakeTmp

Run Build Command:"/usr/bin/make" "cmTC_ee61f/fast"
/usr/bin/make -f CMakeFiles/cmTC_ee61f.dir/build.make CMakeFiles/cmTC_ee61f.dir/build
make[1]: Entering directory '/mnt/d/Projects/PEA2/cmake/CMakeFiles/CMakeTmp'
Building C object CMakeFiles/cmTC_ee61f.dir/CheckSymbolExists.c.o
/usr/bin/cc    -o CMakeFiles/cmTC_ee61f.dir/CheckSymbolExists.c.o   -c /mnt/d/Projects/PEA2/cmake/CMakeFiles/CMakeTmp/CheckSymbolExists.c
Linking C executable cmTC_ee61f
/usr/local/bin/cmake -E cmake_link_script CMakeFiles/cmTC_ee61f.dir/link.txt --verbose=1
/usr/bin/cc      CMakeFiles/cmTC_ee61f.dir/CheckSymbolExists.c.o  -o cmTC_ee61f 
CMakeFiles/cmTC_ee61f.dir/CheckSymbolExists.c.o: In function `main':
CheckSymbolExists.c:(.text+0x16): undefined reference to `pthread_create'
collect2: error: ld returned 1 exit status
CMakeFiles/cmTC_ee61f.dir/build.make:97: recipe for target 'cmTC_ee61f' failed
make[1]: *** [cmTC_ee61f] Error 1
make[1]: Leaving directory '/mnt/d/Projects/PEA2/cmake/CMakeFiles/CMakeTmp'
Makefile:126: recipe for target 'cmTC_ee61f/fast' failed
make: *** [cmTC_ee61f/fast] Error 2

File /mnt/d/Projects/PEA2/cmake/CMakeFiles/CMakeTmp/CheckSymbolExists.c:
/* */
#include <pthread.h>

int main(int argc, char** argv)
{
  (void)argv;
#ifndef pthread_create
  return ((int*)(&pthread_create))[argc];
#else
  (void)argc;
  return 0;
#endif
}

Determining if the function pthread_create exists in the pthreads failed with the following output:
Change Dir: /mnt/d/Projects/PEA2/cmake/CMakeFiles/CMakeTmp

Run Build Command:"/usr/bin/make" "cmTC_4e376/fast"
/usr/bin/make -f CMakeFiles/cmTC_4e376.dir/build.make CMakeFiles/cmTC_4e376.dir/build
make[1]: Entering directory '/mnt/d/Projects/PEA2/cmake/CMakeFiles/CMakeTmp'
Building C object CMakeFiles/cmTC_4e376.dir/CheckFunctionExists.c.o
/usr/bin/cc   -DCHECK_FUNCTION_EXISTS=pthread_create   -o CMakeFiles/cmTC_4e376.dir/CheckFunctionExists.c.o   -c /usr/local/share/cmake-3.10/Modules/CheckFunctionExists.c
Linking C executable cmTC_4e376
/usr/local/bin/cmake -E cmake_link_script CMakeFiles/cmTC_4e376.dir/link.txt --verbose=1
/usr/bin/cc  -DCHECK_FUNCTION_EXISTS=pthread_create    CMakeFiles/cmTC_4e376.dir/CheckFunctionExists.c.o  -o cmTC_4e376 -lpthreads 
/usr/bin/ld: cannot find -lpthreads
collect2: error: ld returned 1 exit status
CMakeFiles/cmTC_4e376.dir/build.make:97: recipe for target 'cmTC_4e376' failed
make[1]: *** [cmTC_4e376] Error 1
make[1]: Leaving directory '/mnt/d/Projects/PEA2/cmake/CMakeFiles/CMakeTmp'
Makefile:126: recipe for target 'cmTC_4e376/fast' failed
make: *** [cmTC_4e376/fast] Error 2


