0    , 0    , RESULT: 0    
10   , 20   , RESULT: 30   
20   , 40   , RESULT: 60   
30   , 60   , RESULT: 90   
40   , 80   , RESULT: 120  
50   , 100  , RESULT: 150  
60   , 120  , RESULT: 180  
70   , 140  , RESULT: 210  
80   , 160  , RESULT: 240  
90   , 180  , RESULT: 270  
100  , 200  , RESULT: 300  
110  , 220  , RESULT: 330  
120  , 240  , RESULT: 360  
130  , 260  , RESULT: 390  
140  , 280  , RESULT: 420  
150  , 300  , RESULT: 450  
160  , 320  , RESULT: 480  
170  , 340  , RESULT: 510  
180  , 360  , RESULT: 540  
190  , 380  , RESULT: 570  
200  , 400  , RESULT: 600  
210  , 420  , RESULT: 630  
220  , 440  , RESULT: 660  
230  , 460  , RESULT: 690  
240  , 480  , RESULT: 720  
250  , 500  , RESULT: 750  
260  , 520  , RESULT: 780  
270  , 540  , RESULT: 810  
280  , 560  , RESULT: 840  
290  , 580  , RESULT: 870  
